<?xml version="1.0" encoding="UTF-8"?>
<!-- Generated by org.testng.reporters.JUnitReportReporter -->
<testsuite hostname="Manju" name="levelOne.Sample1Test" tests="4" failures="0" timestamp="25 Mar 2018 07:04:49 GMT" time="12.265" errors="0">
  <testcase name="switchBackToHomePage" time="0.040" classname="levelOne.Sample1Test"/>
  <testcase name="homepageTest" time="0.025" classname="levelOne.Sample1Test"/>
  <testcase name="loginLinkTest" time="11.975" classname="levelOne.Sample1Test"/>
  <testcase name="checkLoginpageAndTryLogin" time="0.225" classname="levelOne.Sample1Test"/>
</testsuite> <!-- levelOne.Sample1Test -->
